2021-01-05 22:17:22,828 - root - INFO - 开始执行jrj web项目自动化测试
2021-01-05 22:17:36,078 - root - INFO - 执行test_login_failed测试用例
2021-01-05 22:17:36,079 - root - INFO - 登录测试-异常数据
2021-01-05 22:17:36,081 - root - INFO - 准备登录
2021-01-05 22:17:36,607 - root - INFO - 期望值：True
2021-01-05 22:17:36,609 - root - INFO - 出现异常
2021-01-05 22:17:36,611 - root - INFO - 'LoginPage' object has no attribute 'get_account_login_text'
2021-01-05 22:17:37,068 - root - INFO - 执行test_login_failed测试用例
2021-01-05 22:17:37,072 - root - INFO - 登录测试-异常数据
2021-01-05 22:17:37,075 - root - INFO - 准备登录
2021-01-05 22:17:37,861 - root - INFO - 期望值：True
2021-01-05 22:17:37,954 - root - INFO - unsupported operand type(s) for -: 'datetime.datetime' and 'builtin_function_or_method'
2021-01-05 22:17:37,955 - root - INFO - 出现异常
2021-01-05 22:17:37,956 - root - INFO - 'WebDriver' object has no attribute 'sava_picture'
2021-01-05 22:17:38,483 - root - INFO - 执行test_login_failed测试用例
2021-01-05 22:17:38,484 - root - INFO - 登录测试-异常数据
2021-01-05 22:17:38,485 - root - INFO - 准备登录
2021-01-05 22:17:39,070 - root - INFO - 期望值：True
2021-01-05 22:17:39,071 - root - INFO - 出现异常
2021-01-05 22:17:39,072 - root - INFO - 'LoginPage' object has no attribute 'get_account_login_text'
2021-01-05 22:17:39,604 - root - INFO - 执行test_login_failed测试用例
2021-01-05 22:17:39,607 - root - INFO - 登录测试-异常数据
2021-01-05 22:17:39,608 - root - INFO - 准备登录
2021-01-05 22:17:40,318 - root - INFO - 期望值：True
2021-01-05 22:17:40,359 - root - INFO - unsupported operand type(s) for -: 'datetime.datetime' and 'builtin_function_or_method'
2021-01-05 22:17:40,360 - root - INFO - 出现异常
2021-01-05 22:17:40,361 - root - INFO - 'WebDriver' object has no attribute 'sava_picture'
2021-01-05 22:17:40,852 - root - INFO - 执行test_login_success测试用例
2021-01-05 22:17:40,855 - root - INFO - 进入 test_login_success methon
2021-01-05 22:17:40,856 - root - INFO - 登录测试—正常数据
2021-01-05 22:17:40,858 - root - INFO - 准备登录
2021-01-05 22:17:53,900 - root - INFO - 期望值：退出
2021-01-05 22:18:01,789 - root - INFO - jij web 自动化执行结束
2021-01-05 22:24:51,690 - root - INFO - 开始执行jrj web项目自动化测试
2021-01-05 22:25:05,263 - root - INFO - 执行test_login_failed测试用例
2021-01-05 22:25:05,264 - root - INFO - 登录测试-异常数据
2021-01-05 22:25:05,266 - root - INFO - 准备登录
2021-01-05 22:25:05,880 - root - INFO - 期望值：True
2021-01-05 22:25:05,888 - root - INFO - 出现异常
2021-01-05 22:25:05,890 - root - INFO - 'LoginPage' object has no attribute 'get_account_login_text'
2021-01-05 22:25:06,405 - root - INFO - 执行test_login_failed测试用例
2021-01-05 22:25:06,409 - root - INFO - 登录测试-异常数据
2021-01-05 22:25:06,411 - root - INFO - 准备登录
2021-01-05 22:25:07,117 - root - INFO - 期望值：True
2021-01-05 22:25:07,176 - root - INFO - end total time of waiting for ('xpath', '/html/body/div[2]/div/div/form/div[2]/span') bisible is 0.056968
2021-01-05 22:25:07,224 - root - INFO - 实际值：账号或密码错误
2021-01-05 22:25:07,226 - root - INFO - 准备断言
2021-01-05 22:25:07,260 - root - INFO - end total time of waiting for ('xpath', '/html/body/div[2]/div/div/form/div[2]/span') bisible is 0.031982
2021-01-05 22:25:07,289 - root - INFO - 登录功能-异常登录-用户名错误, 测试用例执行完毕， 测试结果： ========= PASS ========= 
2021-01-05 22:25:07,904 - root - INFO - 截图成功，图片保存路径为：C:\Users\Administrator\PycharmProjects\po_jrj\img\用户名或密码为错误时截图-2021-01-05_22_25_07.png
2021-01-05 22:25:08,402 - root - INFO - 执行test_login_failed测试用例
2021-01-05 22:25:08,403 - root - INFO - 登录测试-异常数据
2021-01-05 22:25:08,405 - root - INFO - 准备登录
2021-01-05 22:25:08,891 - root - INFO - 期望值：True
2021-01-05 22:25:08,893 - root - INFO - 出现异常
2021-01-05 22:25:08,894 - root - INFO - 'LoginPage' object has no attribute 'get_account_login_text'
2021-01-05 22:25:09,502 - root - INFO - 执行test_login_failed测试用例
2021-01-05 22:25:09,503 - root - INFO - 登录测试-异常数据
2021-01-05 22:25:09,505 - root - INFO - 准备登录
2021-01-05 22:25:10,218 - root - INFO - 期望值：True
2021-01-05 22:25:10,264 - root - INFO - end total time of waiting for ('xpath', '/html/body/div[2]/div/div/form/div[2]/span') bisible is 0.044974
2021-01-05 22:25:10,316 - root - INFO - 实际值：账号或密码错误
2021-01-05 22:25:10,317 - root - INFO - 准备断言
2021-01-05 22:25:10,348 - root - INFO - end total time of waiting for ('xpath', '/html/body/div[2]/div/div/form/div[2]/span') bisible is 0.028984
2021-01-05 22:25:10,379 - root - INFO - 登录功能-异常登录-密码错误, 测试用例执行完毕， 测试结果： ========= PASS ========= 
2021-01-05 22:25:10,982 - root - INFO - 截图成功，图片保存路径为：C:\Users\Administrator\PycharmProjects\po_jrj\img\用户名或密码为错误时截图-2021-01-05_22_25_10.png
2021-01-05 22:25:11,444 - root - INFO - 执行test_login_success测试用例
2021-01-05 22:25:11,445 - root - INFO - 进入 test_login_success methon
2021-01-05 22:25:11,448 - root - INFO - 登录测试—正常数据
2021-01-05 22:25:11,449 - root - INFO - 准备登录
2021-01-05 22:25:19,888 - root - INFO - 期望值：退出
2021-01-05 22:25:28,230 - root - INFO - jij web 自动化执行结束
2021-01-05 22:39:28,700 - root - INFO - 开始执行jrj web项目自动化测试
2021-01-05 22:39:42,517 - root - INFO - 执行test_login_failed测试用例
2021-01-05 22:39:42,519 - root - INFO - 登录测试-异常数据
2021-01-05 22:39:42,521 - root - INFO - 准备登录
2021-01-05 22:40:05,247 - root - INFO - 期望值：True
2021-01-05 22:47:42,422 - root - INFO - 开始执行jrj web项目自动化测试
2021-01-05 22:47:55,213 - root - INFO - 执行test_login_failed测试用例
2021-01-05 22:47:55,214 - root - INFO - 登录测试-异常数据
2021-01-05 22:47:55,215 - root - INFO - 准备登录
2021-01-05 22:47:55,882 - root - INFO - 期望值：True
2021-01-05 22:47:55,884 - root - INFO - 出现异常
2021-01-05 22:47:55,886 - root - INFO - 'LoginPage' object has no attribute 'get_account_login_text'
2021-01-05 22:47:56,701 - root - INFO - 执行test_login_failed测试用例
2021-01-05 22:47:56,703 - root - INFO - 登录测试-异常数据
2021-01-05 22:47:56,704 - root - INFO - 准备登录
2021-01-05 22:47:57,312 - root - INFO - 期望值：True
2021-01-05 22:47:57,363 - root - INFO - end total time of waiting for ('xpath', '/html/body/div[2]/div/div/form/div[2]/span') bisible is 0.049971
2021-01-05 22:47:57,417 - root - INFO - 实际值：账号或密码错误
2021-01-05 22:47:57,419 - root - INFO - 准备断言
2021-01-05 22:47:57,475 - root - INFO - end total time of waiting for ('xpath', '/html/body/div[2]/div/div/form/div[2]/span') bisible is 0.055968
2021-01-05 22:47:57,528 - root - INFO - 登录功能-异常登录-用户名错误, 测试用例执行完毕， 测试结果： ========= PASS ========= 
2021-01-05 22:47:58,221 - root - INFO - 截图成功，图片保存路径为：C:\Users\Administrator\PycharmProjects\po_jrj\img\用户名或密码为错误时截图-2021-01-05_22_47_57.png
2021-01-05 22:47:58,758 - root - INFO - 执行test_login_failed测试用例
2021-01-05 22:47:58,759 - root - INFO - 登录测试-异常数据
2021-01-05 22:47:58,761 - root - INFO - 准备登录
2021-01-05 22:47:59,258 - root - INFO - 期望值：True
2021-01-05 22:47:59,260 - root - INFO - 出现异常
2021-01-05 22:47:59,262 - root - INFO - 'LoginPage' object has no attribute 'get_account_login_text'
2021-01-05 22:47:59,938 - root - INFO - 执行test_login_failed测试用例
2021-01-05 22:47:59,944 - root - INFO - 登录测试-异常数据
2021-01-05 22:47:59,946 - root - INFO - 准备登录
2021-01-05 22:48:00,650 - root - INFO - 期望值：True
2021-01-05 22:48:00,692 - root - INFO - end total time of waiting for ('xpath', '/html/body/div[2]/div/div/form/div[2]/span') bisible is 0.039977
2021-01-05 22:48:00,763 - root - INFO - 实际值：账号或密码错误
2021-01-05 22:48:00,765 - root - INFO - 准备断言
2021-01-05 22:48:00,799 - root - INFO - end total time of waiting for ('xpath', '/html/body/div[2]/div/div/form/div[2]/span') bisible is 0.033981
2021-01-05 22:48:00,843 - root - INFO - 登录功能-异常登录-密码错误, 测试用例执行完毕， 测试结果： ========= PASS ========= 
2021-01-05 22:48:01,560 - root - INFO - 截图成功，图片保存路径为：C:\Users\Administrator\PycharmProjects\po_jrj\img\用户名或密码为错误时截图-2021-01-05_22_48_00.png
2021-01-05 22:48:02,176 - root - INFO - 执行test_login_success测试用例
2021-01-05 22:48:02,180 - root - INFO - 进入 test_login_success methon
2021-01-05 22:48:02,181 - root - INFO - 登录测试—正常数据
2021-01-05 22:48:02,183 - root - INFO - 准备登录
2021-01-05 22:48:13,552 - root - INFO - 期望值：退出
2021-01-05 22:48:26,237 - root - INFO - jij web 自动化执行结束
2021-01-05 22:53:45,057 - root - INFO - 开始执行jrj web项目自动化测试
2021-01-05 22:53:58,467 - root - INFO - 执行test_login_failed测试用例
2021-01-05 22:53:58,468 - root - INFO - 登录测试-异常数据
2021-01-05 22:53:58,470 - root - INFO - 准备登录
2021-01-05 22:53:59,019 - root - INFO - 期望值：True
2021-01-05 22:53:59,022 - root - INFO - 出现异常
2021-01-05 22:53:59,027 - root - INFO - 'LoginPage' object has no attribute 'get_account_login_text'
2021-01-05 22:54:02,683 - root - INFO - 执行test_login_failed测试用例
2021-01-05 22:54:02,685 - root - INFO - 登录测试-异常数据
2021-01-05 22:54:02,688 - root - INFO - 准备登录
2021-01-05 22:54:03,269 - root - INFO - 期望值：True
2021-01-05 22:54:03,319 - root - INFO - end total time of waiting for ('xpath', '/html/body/div[2]/div/div/form/div[2]/span') bisible is 0.048969
2021-01-05 22:54:03,363 - root - INFO - 实际值：账号或密码错误
2021-01-05 22:54:03,365 - root - INFO - 准备断言
2021-01-05 22:54:03,395 - root - INFO - end total time of waiting for ('xpath', '/html/body/div[2]/div/div/form/div[2]/span') bisible is 0.027983
2021-01-05 22:54:03,427 - root - INFO - 登录功能-异常登录-用户名错误, 测试用例执行完毕， 测试结果： ========= PASS ========= 
2021-01-05 22:54:04,034 - root - INFO - 截图成功，图片保存路径为：C:\Users\Administrator\PycharmProjects\po_jrj\img\用户名或密码为错误时截图-2021-01-05_22_54_03.png
2021-01-05 22:54:07,616 - root - INFO - 执行test_login_failed测试用例
2021-01-05 22:54:07,619 - root - INFO - 登录测试-异常数据
2021-01-05 22:54:07,623 - root - INFO - 准备登录
2021-01-05 22:54:08,197 - root - INFO - 期望值：True
2021-01-05 22:54:08,198 - root - INFO - 出现异常
2021-01-05 22:54:08,199 - root - INFO - 'LoginPage' object has no attribute 'get_account_login_text'
2021-01-05 22:54:11,727 - root - INFO - 执行test_login_failed测试用例
2021-01-05 22:54:11,730 - root - INFO - 登录测试-异常数据
2021-01-05 22:54:11,731 - root - INFO - 准备登录
2021-01-05 22:54:12,327 - root - INFO - 期望值：True
2021-01-05 22:54:12,370 - root - INFO - end total time of waiting for ('xpath', '/html/body/div[2]/div/div/form/div[2]/span') bisible is 0.042973
2021-01-05 22:54:12,411 - root - INFO - 实际值：账号或密码错误
2021-01-05 22:54:12,413 - root - INFO - 准备断言
2021-01-05 22:54:12,441 - root - INFO - end total time of waiting for ('xpath', '/html/body/div[2]/div/div/form/div[2]/span') bisible is 0.026982
2021-01-05 22:54:12,472 - root - INFO - 登录功能-异常登录-密码错误, 测试用例执行完毕， 测试结果： ========= PASS ========= 
2021-01-05 22:54:13,080 - root - INFO - 截图成功，图片保存路径为：C:\Users\Administrator\PycharmProjects\po_jrj\img\用户名或密码为错误时截图-2021-01-05_22_54_12.png
2021-01-05 22:54:16,549 - root - INFO - 执行test_login_success测试用例
2021-01-05 22:54:16,550 - root - INFO - 进入 test_login_success methon
2021-01-05 22:54:16,551 - root - INFO - 登录测试—正常数据
2021-01-05 22:54:16,552 - root - INFO - 准备登录
2021-01-05 22:54:24,795 - root - INFO - 期望值：退出
2021-01-05 22:54:37,395 - root - INFO - jij web 自动化执行结束
2021-01-05 22:56:59,702 - root - INFO - 开始执行jrj web项目自动化测试
2021-01-05 22:57:11,983 - root - INFO - 执行test_login_failed测试用例
2021-01-05 22:57:11,985 - root - INFO - 登录测试-异常数据
2021-01-05 22:57:11,986 - root - INFO - 准备登录
2021-01-05 22:57:12,490 - root - INFO - 期望值：True
2021-01-05 22:57:12,491 - root - INFO - 出现异常
2021-01-05 22:57:12,492 - root - INFO - 'LoginPage' object has no attribute 'get_account_login_text'
2021-01-05 22:57:16,067 - root - INFO - 执行test_login_failed测试用例
2021-01-05 22:57:16,068 - root - INFO - 登录测试-异常数据
2021-01-05 22:57:16,071 - root - INFO - 准备登录
2021-01-05 22:57:16,744 - root - INFO - 期望值：True
2021-01-05 22:57:16,801 - root - INFO - end total time of waiting for ('xpath', '/html/body/div[2]/div/div/form/div[2]/span') bisible is 0.055968
2021-01-05 22:57:16,846 - root - INFO - 实际值：账号或密码错误
2021-01-05 22:57:16,848 - root - INFO - 准备断言
2021-01-05 22:57:16,879 - root - INFO - end total time of waiting for ('xpath', '/html/body/div[2]/div/div/form/div[2]/span') bisible is 0.029982
2021-01-05 22:57:16,910 - root - INFO - 登录功能-异常登录-用户名错误, 测试用例执行完毕， 测试结果： ========= PASS ========= 
2021-01-05 22:57:17,539 - root - INFO - 截图成功，图片保存路径为：C:\Users\Administrator\PycharmProjects\po_jrj\img\用户名或密码为错误时截图-2021-01-05_22_57_16.png
2021-01-05 22:57:21,094 - root - INFO - 执行test_login_failed测试用例
2021-01-05 22:57:21,099 - root - INFO - 登录测试-异常数据
2021-01-05 22:57:21,105 - root - INFO - 准备登录
2021-01-05 22:57:21,669 - root - INFO - 期望值：True
2021-01-05 22:57:21,671 - root - INFO - 出现异常
2021-01-05 22:57:21,672 - root - INFO - 'LoginPage' object has no attribute 'get_account_login_text'
2021-01-05 22:57:25,383 - root - INFO - 执行test_login_failed测试用例
2021-01-05 22:57:25,384 - root - INFO - 登录测试-异常数据
2021-01-05 22:57:25,386 - root - INFO - 准备登录
2021-01-05 22:57:26,003 - root - INFO - 期望值：True
2021-01-05 22:57:26,047 - root - INFO - end total time of waiting for ('xpath', '/html/body/div[2]/div/div/form/div[2]/span') bisible is 0.042976
2021-01-05 22:57:26,086 - root - INFO - 实际值：账号或密码错误
2021-01-05 22:57:26,087 - root - INFO - 准备断言
2021-01-05 22:57:26,114 - root - INFO - end total time of waiting for ('xpath', '/html/body/div[2]/div/div/form/div[2]/span') bisible is 0.024985
2021-01-05 22:57:26,143 - root - INFO - 登录功能-异常登录-密码错误, 测试用例执行完毕， 测试结果： ========= PASS ========= 
2021-01-05 22:57:26,754 - root - INFO - 截图成功，图片保存路径为：C:\Users\Administrator\PycharmProjects\po_jrj\img\用户名或密码为错误时截图-2021-01-05_22_57_26.png
2021-01-05 22:57:30,201 - root - INFO - 执行test_login_success测试用例
2021-01-05 22:57:30,203 - root - INFO - 进入 test_login_success methon
2021-01-05 22:57:30,204 - root - INFO - 登录测试—正常数据
2021-01-05 22:57:30,205 - root - INFO - 准备登录
2021-01-05 22:57:37,822 - root - INFO - 期望值：退出
2021-01-05 22:57:37,872 - root - INFO - end total time of waiting for ('xpath', '//*[@id="logout_ok"]') bisible is 0.048972
2021-01-05 22:57:37,915 - root - INFO - 实际值：退出
2021-01-05 22:57:37,917 - root - INFO - 准备断言
2021-01-05 22:57:37,952 - root - INFO - end total time of waiting for ('xpath', '//*[@id="logout_ok"]') bisible is 0.033981
2021-01-05 22:57:37,989 - root - INFO - 测试用例执行完毕，测试结果： ======pass=====
2021-01-05 22:57:38,550 - root - INFO - 截图成功，图片保存路径为：C:\Users\Administrator\PycharmProjects\po_jrj\img\登录成功并截图-2021-01-05_22_57_37.png
2021-01-05 22:57:48,198 - root - INFO - jij web 自动化执行结束
