2021-01-18 11:22:05,411 - root - INFO - 开始执行jrj web项目自动化测试
2021-01-18 11:22:23,096 - root - INFO - 执行test_login_failed测试用例
2021-01-18 11:22:23,098 - root - INFO - 登录测试-异常数据
2021-01-18 11:22:23,101 - root - INFO - 准备登录
2021-01-18 11:22:24,358 - root - INFO - 期望值：True
2021-01-18 11:22:24,360 - root - INFO - 出现异常
2021-01-18 11:22:24,363 - root - INFO - 'LoginPage' object has no attribute 'get_account_login_text'
2021-01-18 11:22:28,115 - root - INFO - 执行test_login_failed测试用例
2021-01-18 11:22:28,119 - root - INFO - 登录测试-异常数据
2021-01-18 11:22:28,122 - root - INFO - 准备登录
2021-01-18 11:22:29,082 - root - INFO - 期望值：True
2021-01-18 11:22:29,212 - root - INFO - end total time of waiting for ('xpath', '/html/body/div[2]/div/div/form/div[2]/span') bisible is 0.125947
2021-01-18 11:22:29,290 - root - INFO - 实际值：账号或密码错误
2021-01-18 11:22:29,292 - root - INFO - 准备断言
2021-01-18 11:22:29,361 - root - INFO - end total time of waiting for ('xpath', '/html/body/div[2]/div/div/form/div[2]/span') bisible is 0.066391
2021-01-18 11:22:29,413 - root - INFO - 登录功能-异常登录-用户名错误, 测试用例执行完毕， 测试结果： ========= PASS ========= 
2021-01-18 11:22:30,128 - root - INFO - 截图成功，图片保存路径为：D:\01_CN_test\my_pycharm_projct\po_jrj_lqh\img\用户名或密码为错误时截图-2021-01-18_11_22_29.png
2021-01-18 11:22:33,930 - root - INFO - 执行test_login_failed测试用例
2021-01-18 11:22:33,935 - root - INFO - 登录测试-异常数据
2021-01-18 11:22:33,940 - root - INFO - 准备登录
2021-01-18 11:22:34,927 - root - INFO - 期望值：True
2021-01-18 11:22:34,929 - root - INFO - 出现异常
2021-01-18 11:22:34,930 - root - INFO - 'LoginPage' object has no attribute 'get_account_login_text'
2021-01-18 11:22:39,038 - root - INFO - 执行test_login_failed测试用例
2021-01-18 11:22:39,041 - root - INFO - 登录测试-异常数据
2021-01-18 11:22:39,047 - root - INFO - 准备登录
2021-01-18 11:22:40,088 - root - INFO - 期望值：True
2021-01-18 11:22:40,151 - root - INFO - end total time of waiting for ('xpath', '/html/body/div[2]/div/div/form/div[2]/span') bisible is 0.060532
2021-01-18 11:22:40,217 - root - INFO - 实际值：账号或密码错误
2021-01-18 11:22:40,219 - root - INFO - 准备断言
2021-01-18 11:22:40,272 - root - INFO - end total time of waiting for ('xpath', '/html/body/div[2]/div/div/form/div[2]/span') bisible is 0.049793
2021-01-18 11:22:40,316 - root - INFO - 登录功能-异常登录-密码错误, 测试用例执行完毕， 测试结果： ========= PASS ========= 
2021-01-18 11:22:41,057 - root - INFO - 截图成功，图片保存路径为：D:\01_CN_test\my_pycharm_projct\po_jrj_lqh\img\用户名或密码为错误时截图-2021-01-18_11_22_40.png
2021-01-18 11:22:44,654 - root - INFO - 执行test_login_success测试用例
2021-01-18 11:22:44,656 - root - INFO - 进入 test_login_success methon
2021-01-18 11:22:44,658 - root - INFO - 登录测试—正常数据
2021-01-18 11:22:44,660 - root - INFO - 准备登录
2021-01-18 11:22:57,458 - root - INFO - 期望值：退出
2021-01-18 11:22:57,719 - root - INFO - end total time of waiting for ('xpath', '//*[@id="logout_ok"]') bisible is 0.257751
2021-01-18 11:22:57,826 - root - INFO - 实际值：退出
2021-01-18 11:22:57,828 - root - INFO - 准备断言
2021-01-18 11:22:57,915 - root - INFO - end total time of waiting for ('xpath', '//*[@id="logout_ok"]') bisible is 0.08494
2021-01-18 11:22:58,033 - root - INFO - 测试用例执行完毕，测试结果： ======pass=====
2021-01-18 11:22:58,843 - root - INFO - 截图成功，图片保存路径为：D:\01_CN_test\my_pycharm_projct\po_jrj_lqh\img\登录成功并截图-2021-01-18_11_22_58.png
2021-01-18 11:23:14,616 - root - INFO - jrj web 自动化执行结束
